Using pre-set license
Built from '2021.1/staging' branch; Version is '2021.1.15f1 (e767a7370072) revision 15165351'; Using compiler version '192528614'; Build Type 'Release'
OS: 'Windows 10 Home; OS build 19043.1288; Version 2009; 64bit' Language: 'en' Physical Memory: 12151 MB
BatchMode: 1, IsHumanControllingUs: 0, StartBugReporterOnCrash: 0, Is64bit: 1, IsPro: 0

 COMMAND LINE ARGUMENTS:
C:\Program Files\Unity\Hub\Editor\2021.1.15f1\Editor\Unity.exe
-adb2
-batchMode
-noUpm
-name
AssetImportWorker6
-projectPath
C:/Users/annap/Desktop/Coding/UnityAssignments/VR_Projects
-logFile
Logs/AssetImportWorker6.log
-srvPort
59711
Successfully changed project path to: C:/Users/annap/Desktop/Coding/UnityAssignments/VR_Projects
C:/Users/annap/Desktop/Coding/UnityAssignments/VR_Projects
Using Asset Import Pipeline V2.
Refreshing native plugins compatible for Editor in 2070.23 ms, found 7 plugins.
Preloading 1 native plugins for Editor in 18.31 ms.
Initialize engine version: 2021.1.15f1 (e767a7370072)
[Subsystems] Discovering subsystems at path C:/Program Files/Unity/Hub/Editor/2021.1.15f1/Editor/Data/Resources/UnitySubsystems
[Subsystems] Discovering subsystems at path C:/Users/annap/Desktop/Coding/UnityAssignments/VR_Projects/Assets
GfxDevice: creating device client; threaded=0; jobified=0
